# JRE version: OpenJDK Runtime Environment (8.0_152-b06) (build 1.8.0_152-release-1136-b06)
# Java VM: OpenJDK 64-Bit Server VM (25.152-b06 mixed mode windows-amd64 compressed oops)
Heap:
 PSYoungGen      total 342528K, used 342524K [0x00000000e0000000, 0x0000000100000000, 0x0000000100000000)
  eden space 167936K, 100% used [0x00000000e0000000,0x00000000ea400000,0x00000000ea400000)
  from space 174592K, 99% used [0x00000000ea400000,0x00000000f4e7f090,0x00000000f4e80000)
  to   space 174592K, 99% used [0x00000000f5580000,0x00000000ffffec48,0x0000000100000000)
 ParOldGen       total 1048576K, used 1048574K [0x00000000a0000000, 0x00000000e0000000, 0x00000000e0000000)
  object space 1048576K, 99% used [0x00000000a0000000,0x00000000dffff9b0,0x00000000e0000000)
 Metaspace       used 153823K, capacity 166176K, committed 170624K, reserved 1198080K
  class space    used 18447K, capacity 20586K, committed 21376K, reserved 1048576K
GC Heap History (10 events):
Event: 33671.571 GC heap after
Heap after GC invocations=539 (full 62):
 PSYoungGen      total 334848K, used 160453K [0x00000000e0000000, 0x00000000ff400000, 0x0000000100000000)
  eden space 160256K, 0% used [0x00000000e0000000,0x00000000e0000000,0x00000000e9c80000)
  from space 174592K, 91% used [0x00000000f4700000,0x00000000fe3b1700,0x00000000ff180000)
  to   space 174592K, 0% used [0x00000000e9c80000,0x00000000e9c80000,0x00000000f4700000)
 ParOldGen       total 1048576K, used 945327K [0x00000000a0000000, 0x00000000e0000000, 0x00000000e0000000)
  object space 1048576K, 90% used [0x00000000a0000000,0x00000000d9b2bcf0,0x00000000e0000000)
 Metaspace       used 152484K, capacity 164814K, committed 170624K, reserved 1198080K
  class space    used 18334K, capacity 20481K, committed 21376K, reserved 1048576K
}
Event: 33671.761 GC heap before
{Heap before GC invocations=540 (full 62):
 PSYoungGen      total 334848K, used 320709K [0x00000000e0000000, 0x00000000ff400000, 0x0000000100000000)
  eden space 160256K, 100% used [0x00000000e0000000,0x00000000e9c80000,0x00000000e9c80000)
  from space 174592K, 91% used [0x00000000f4700000,0x00000000fe3b1700,0x00000000ff180000)
  to   space 174592K, 0% used [0x00000000e9c80000,0x00000000e9c80000,0x00000000f4700000)
 ParOldGen       total 1048576K, used 945327K [0x00000000a0000000, 0x00000000e0000000, 0x00000000e0000000)
  object space 1048576K, 90% used [0x00000000a0000000,0x00000000d9b2bcf0,0x00000000e0000000)
 Metaspace       used 152529K, capacity 164814K, committed 170624K, reserved 1198080K
  class space    used 18334K, capacity 20481K, committed 21376K, reserved 1048576K
Event: 33671.839 GC heap after
Heap after GC invocations=540 (full 62):
 PSYoungGen      total 334848K, used 149495K [0x00000000e0000000, 0x00000000ff980000, 0x0000000100000000)
  eden space 160256K, 0% used [0x00000000e0000000,0x00000000e0000000,0x00000000e9c80000)
  from space 174592K, 85% used [0x00000000e9c80000,0x00000000f2e7ddc0,0x00000000f4700000)
  to   space 174592K, 0% used [0x00000000f4f00000,0x00000000f4f00000,0x00000000ff980000)
 ParOldGen       total 1048576K, used 957997K [0x00000000a0000000, 0x00000000e0000000, 0x00000000e0000000)
  object space 1048576K, 91% used [0x00000000a0000000,0x00000000da78b7d0,0x00000000e0000000)
 Metaspace       used 152529K, capacity 164814K, committed 170624K, reserved 1198080K
  class space    used 18334K, capacity 20481K, committed 21376K, reserved 1048576K
}
Event: 33672.327 GC heap before
{Heap before GC invocations=541 (full 62):
 PSYoungGen      total 334848K, used 309751K [0x00000000e0000000, 0x00000000ff980000, 0x0000000100000000)
  eden space 160256K, 100% used [0x00000000e0000000,0x00000000e9c80000,0x00000000e9c80000)
  from space 174592K, 85% used [0x00000000e9c80000,0x00000000f2e7ddc0,0x00000000f4700000)
  to   space 174592K, 0% used [0x00000000f4f00000,0x00000000f4f00000,0x00000000ff980000)
 ParOldGen       total 1048576K, used 957997K [0x00000000a0000000, 0x00000000e0000000, 0x00000000e0000000)
  object space 1048576K, 91% used [0x00000000a0000000,0x00000000da78b7d0,0x00000000e0000000)
 Metaspace       used 153789K, capacity 166112K, committed 170624K, reserved 1198080K
  class space    used 18446K, capacity 20586K, committed 21376K, reserved 1048576K
Event: 33672.401 GC heap after
Heap after GC invocations=541 (full 62):
 PSYoungGen      total 342016K, used 153323K [0x00000000e0000000, 0x00000000ff900000, 0x0000000100000000)
  eden space 167936K, 0% used [0x00000000e0000000,0x00000000e0000000,0x00000000ea400000)
  from space 174080K, 88% used [0x00000000f4f00000,0x00000000fe4bae58,0x00000000ff900000)
  to   space 174592K, 0% used [0x00000000ea400000,0x00000000ea400000,0x00000000f4e80000)
 ParOldGen       total 1048576K, used 958637K [0x00000000a0000000, 0x00000000e0000000, 0x00000000e0000000)
  object space 1048576K, 91% used [0x00000000a0000000,0x00000000da82b7f0,0x00000000e0000000)
 Metaspace       used 153789K, capacity 166112K, committed 170624K, reserved 1198080K
  class space    used 18446K, capacity 20586K, committed 21376K, reserved 1048576K
}
Event: 33672.707 GC heap before
{Heap before GC invocations=542 (full 62):
 PSYoungGen      total 342016K, used 321259K [0x00000000e0000000, 0x00000000ff900000, 0x0000000100000000)
  eden space 167936K, 100% used [0x00000000e0000000,0x00000000ea400000,0x00000000ea400000)
  from space 174080K, 88% used [0x00000000f4f00000,0x00000000fe4bae58,0x00000000ff900000)
  to   space 174592K, 0% used [0x00000000ea400000,0x00000000ea400000,0x00000000f4e80000)
 ParOldGen       total 1048576K, used 958637K [0x00000000a0000000, 0x00000000e0000000, 0x00000000e0000000)
  object space 1048576K, 91% used [0x00000000a0000000,0x00000000da82b7f0,0x00000000e0000000)
 Metaspace       used 153823K, capacity 166176K, committed 170624K, reserved 1198080K
  class space    used 18447K, capacity 20586K, committed 21376K, reserved 1048576K
Event: 33672.803 GC heap after
Heap after GC invocations=542 (full 62):
 PSYoungGen      total 342528K, used 174588K [0x00000000e0000000, 0x0000000100000000, 0x0000000100000000)
  eden space 167936K, 0% used [0x00000000e0000000,0x00000000e0000000,0x00000000ea400000)
  from space 174592K, 99% used [0x00000000ea400000,0x00000000f4e7f090,0x00000000f4e80000)
  to   space 174592K, 0% used [0x00000000f5580000,0x00000000f5580000,0x0000000100000000)
 ParOldGen       total 1048576K, used 988890K [0x00000000a0000000, 0x00000000e0000000, 0x00000000e0000000)
  object space 1048576K, 94% used [0x00000000a0000000,0x00000000dc5b6980,0x00000000e0000000)
 Metaspace       used 153823K, capacity 166176K, committed 170624K, reserved 1198080K
  class space    used 18447K, capacity 20586K, committed 21376K, reserved 1048576K
}
Event: 33673.070 GC heap before
{Heap before GC invocations=543 (full 62):
 PSYoungGen      total 342528K, used 342524K [0x00000000e0000000, 0x0000000100000000, 0x0000000100000000)
  eden space 167936K, 100% used [0x00000000e0000000,0x00000000ea400000,0x00000000ea400000)
  from space 174592K, 99% used [0x00000000ea400000,0x00000000f4e7f090,0x00000000f4e80000)
  to   space 174592K, 0% used [0x00000000f5580000,0x00000000f5580000,0x0000000100000000)
 ParOldGen       total 1048576K, used 988890K [0x00000000a0000000, 0x00000000e0000000, 0x00000000e0000000)
  object space 1048576K, 94% used [0x00000000a0000000,0x00000000dc5b6980,0x00000000e0000000)
 Metaspace       used 153823K, capacity 166176K, committed 170624K, reserved 1198080K
  class space    used 18447K, capacity 20586K, committed 21376K, reserved 1048576K
Event: 33673.345 GC heap after
Heap after GC invocations=543 (full 62):
 PSYoungGen      total 342528K, used 342524K [0x00000000e0000000, 0x0000000100000000, 0x0000000100000000)
  eden space 167936K, 100% used [0x00000000e0000000,0x00000000ea400000,0x00000000ea400000)
  from space 174592K, 99% used [0x00000000ea400000,0x00000000f4e7f090,0x00000000f4e80000)
  to   space 174592K, 99% used [0x00000000f5580000,0x00000000ffffec48,0x0000000100000000)
 ParOldGen       total 1048576K, used 1048574K [0x00000000a0000000, 0x00000000e0000000, 0x00000000e0000000)
  object space 1048576K, 99% used [0x00000000a0000000,0x00000000dffff9b0,0x00000000e0000000)
 Metaspace       used 153823K, capacity 166176K, committed 170624K, reserved 1198080K
  class space    used 18447K, capacity 20586K, committed 21376K, reserved 1048576K
}
Event: 33673.345 GC heap before
{Heap before GC invocations=544 (full 63):
 PSYoungGen      total 342528K, used 342524K [0x00000000e0000000, 0x0000000100000000, 0x0000000100000000)
  eden space 167936K, 100% used [0x00000000e0000000,0x00000000ea400000,0x00000000ea400000)
  from space 174592K, 99% used [0x00000000ea400000,0x00000000f4e7f090,0x00000000f4e80000)
  to   space 174592K, 99% used [0x00000000f5580000,0x00000000ffffec48,0x0000000100000000)
 ParOldGen       total 1048576K, used 1048574K [0x00000000a0000000, 0x00000000e0000000, 0x00000000e0000000)
  object space 1048576K, 99% used [0x00000000a0000000,0x00000000dffff9b0,0x00000000e0000000)
 Metaspace       used 153823K, capacity 166176K, committed 170624K, reserved 1198080K
  class space    used 18447K, capacity 20586K, committed 21376K, reserved 1048576K

